<?xml version="1.0" encoding="UTF-8" ?>
<testsuite tests="36" failures="0" name="step_definitions.RunCukesTest" time="13.437" errors="0" skipped="0">
  <properties>
    <property name="idea.version" value="2022.2.3"/>
    <property name="java.runtime.name" value="Java(TM) SE Runtime Environment"/>
    <property name="sun.boot.library.path" value="C:\Program Files\Java\jdk1.8.0_351\jre\bin"/>
    <property name="java.vm.version" value="25.351-b10"/>
    <property name="java.vm.vendor" value="Oracle Corporation"/>
    <property name="maven.multiModuleProjectDirectory" value="D:\alterra academy\automation\QE-CAMPYUK-WEB_AUTOMATION"/>
    <property name="java.vendor.url" value="http://java.oracle.com/"/>
    <property name="path.separator" value=";"/>
    <property name="guice.disable.misplaced.annotation.check" value="true"/>
    <property name="java.vm.name" value="Java HotSpot(TM) 64-Bit Server VM"/>
    <property name="file.encoding.pkg" value="sun.io"/>
    <property name="user.script" value=""/>
    <property name="user.country" value="ID"/>
    <property name="sun.java.launcher" value="SUN_STANDARD"/>
    <property name="sun.os.patch.level" value=""/>
    <property name="java.vm.specification.name" value="Java Virtual Machine Specification"/>
    <property name="user.dir" value="D:\alterra academy\automation\QE-CAMPYUK-WEB_AUTOMATION"/>
    <property name="java.runtime.version" value="1.8.0_351-b10"/>
    <property name="java.awt.graphicsenv" value="sun.awt.Win32GraphicsEnvironment"/>
    <property name="java.endorsed.dirs" value="C:\Program Files\Java\jdk1.8.0_351\jre\lib\endorsed"/>
    <property name="os.arch" value="amd64"/>
    <property name="java.io.tmpdir" value="C:\Users\istanbul\AppData\Local\Temp\"/>
    <property name="line.separator" value="
"/>
    <property name="java.vm.specification.vendor" value="Oracle Corporation"/>
    <property name="user.variant" value=""/>
    <property name="os.name" value="Windows 10"/>
    <property name="maven.ext.class.path" value="C:\Program Files\JetBrains\IntelliJ IDEA 2022.2.3\plugins\maven\lib\maven-event-listener.jar"/>
    <property name="classworlds.conf" value="C:\Program Files\JetBrains\IntelliJ IDEA 2022.2.3\plugins\maven\lib\maven3\bin\m2.conf"/>
    <property name="sun.jnu.encoding" value="Cp1252"/>
    <property name="java.library.path" value="C:\Program Files\Java\jdk1.8.0_351\bin;C:\WINDOWS\Sun\Java\bin;C:\WINDOWS\system32;C:\WINDOWS;C:\Program Files (x86)\Common Files\Oracle\Java\javapath;C:\WINDOWS\system32;C:\WINDOWS;C:\WINDOWS\System32\Wbem;C:\WINDOWS\System32\WindowsPowerShell\v1.0\;C:\WINDOWS\System32\OpenSSH\;C:\Program Files (x86)\ATI Technologies\ATI.ACE\Core-Static;C:\Program Files\Git\cmd;C:\Program Files\Java\jdk1.8.0_351;C:\Program Files\apache-maven-3.8.7\bin;%JAVA_HOME&amp;\bin;C:\Program Files\MySQL\MySQL Shell 8.0\bin\;C:\Users\istanbul\AppData\Local\Microsoft\WindowsApps;C:\Users\istanbul\AppData\Local\Programs\Microsoft VS Code\bin;C:\Program Files\Java\jdk1.8.0_351\bin;;."/>
    <property name="maven.conf" value="C:\Program Files\JetBrains\IntelliJ IDEA 2022.2.3\plugins\maven\lib\maven3/conf"/>
    <property name="java.specification.name" value="Java Platform API Specification"/>
    <property name="java.class.version" value="52.0"/>
    <property name="sun.management.compiler" value="HotSpot 64-Bit Tiered Compilers"/>
    <property name="os.version" value="10.0"/>
    <property name="user.home" value="C:\Users\istanbul"/>
    <property name="user.timezone" value="Asia/Bangkok"/>
    <property name="java.awt.printerjob" value="sun.awt.windows.WPrinterJob"/>
    <property name="java.specification.version" value="1.8"/>
    <property name="file.encoding" value="UTF-8"/>
    <property name="user.name" value="istanbul"/>
    <property name="java.class.path" value="C:\Program Files\JetBrains\IntelliJ IDEA 2022.2.3\plugins\maven\lib\maven3\boot\plexus-classworlds-2.6.0.jar;C:\Program Files\JetBrains\IntelliJ IDEA 2022.2.3\plugins\maven\lib\maven3\boot\plexus-classworlds.license;C:\Program Files\JetBrains\IntelliJ IDEA 2022.2.3\lib\idea_rt.jar"/>
    <property name="java.vm.specification.version" value="1.8"/>
    <property name="sun.arch.data.model" value="64"/>
    <property name="java.home" value="C:\Program Files\Java\jdk1.8.0_351\jre"/>
    <property name="sun.java.command" value="org.codehaus.classworlds.Launcher -Didea.version=2022.2.3 test"/>
    <property name="java.specification.vendor" value="Oracle Corporation"/>
    <property name="user.language" value="en"/>
    <property name="awt.toolkit" value="sun.awt.windows.WToolkit"/>
    <property name="java.vm.info" value="mixed mode"/>
    <property name="java.version" value="1.8.0_351"/>
    <property name="java.ext.dirs" value="C:\Program Files\Java\jdk1.8.0_351\jre\lib\ext;C:\WINDOWS\Sun\Java\lib\ext"/>
    <property name="sun.boot.class.path" value="C:\Program Files\Java\jdk1.8.0_351\jre\lib\resources.jar;C:\Program Files\Java\jdk1.8.0_351\jre\lib\rt.jar;C:\Program Files\Java\jdk1.8.0_351\jre\lib\jsse.jar;C:\Program Files\Java\jdk1.8.0_351\jre\lib\jce.jar;C:\Program Files\Java\jdk1.8.0_351\jre\lib\charsets.jar;C:\Program Files\Java\jdk1.8.0_351\jre\lib\jfr.jar;C:\Program Files\Java\jdk1.8.0_351\jre\classes"/>
    <property name="java.vendor" value="Oracle Corporation"/>
    <property name="java.specification.maintenance.version" value="4"/>
    <property name="maven.home" value="C:\Program Files\JetBrains\IntelliJ IDEA 2022.2.3\plugins\maven\lib\maven3"/>
    <property name="file.separator" value="\"/>
    <property name="java.vendor.url.bug" value="http://bugreport.sun.com/bugreport/"/>
    <property name="sun.cpu.endian" value="little"/>
    <property name="sun.io.unicode.encoding" value="UnicodeLittle"/>
    <property name="sun.desktop" value="windows"/>
    <property name="sun.cpu.isalist" value="amd64"/>
  </properties>
  <testcase classname="Scenario: User normal login" name="Given User open the campyuk website" time="0.005"/>
  <testcase classname="Scenario: User normal login" name="When User input &quot;diqy07&quot; as userName and input &quot;12345678&quot; as password" time="0"/>
  <testcase classname="Scenario: User normal login" name="Then User should directed into next page" time="0"/>
  <testcase classname="Scenario: User normal login" name="Scenario: User normal login" time="4.58"/>
  <testcase classname="| diqy07 | apelu | password not matched |" name="Given User open the campyuk website" time="0.001"/>
  <testcase classname="| diqy07 | apelu | password not matched |" name="When User input &quot;diqy07&quot; as userName and input &quot;apelu&quot; as password" time="0.001"/>
  <testcase classname="| diqy07 | apelu | password not matched |" name="Then User see error &quot;password not matched&quot; on login page" time="0"/>
  <testcase classname="| diqy07 | apelu | password not matched |" name="| diqy07 | apelu | password not matched |" time="0.938"/>
  <testcase classname="| auwjduawj | mencoba12 | account not registered or server error |" name="Given User open the campyuk website" time="0"/>
  <testcase classname="| auwjduawj | mencoba12 | account not registered or server error |" name="When User input &quot;auwjduawj&quot; as userName and input &quot;mencoba12&quot; as password" time="0"/>
  <testcase classname="| auwjduawj | mencoba12 | account not registered or server error |" name="Then User see error &quot;account not registered or server error&quot; on login page" time="0"/>
  <testcase classname="| auwjduawj | mencoba12 | account not registered or server error |" name="| auwjduawj | mencoba12 | account not registered or server error |" time="1.136"/>
  <testcase classname="Scenario: Host login with valid &quot;username&quot; and &quot;password&quot;" name="Given Admin open the campyuk website" time="0"/>
  <testcase classname="Scenario: Host login with valid &quot;username&quot; and &quot;password&quot;" name="When Admin input &quot;admin&quot; as userName and input &quot;admin&quot; as password" time="0.002"/>
  <testcase classname="Scenario: Host login with valid &quot;username&quot; and &quot;password&quot;" name="Then Admin should directed into next page" time="0"/>
  <testcase classname="Scenario: Host login with valid &quot;username&quot; and &quot;password&quot;" name="Scenario: Host login with valid &quot;username&quot; and &quot;password&quot;" time="0.887"/>
  <testcase classname="| admin | 3283782748 | password not matched |" name="Given Admin open the campyuk website" time="0"/>
  <testcase classname="| admin | 3283782748 | password not matched |" name="When Admin input &quot;admin&quot; as userName and input &quot;3283782748&quot; as password" time="0"/>
  <testcase classname="| admin | 3283782748 | password not matched |" name="Then Admin see error &quot;password not matched&quot; on login page" time="0"/>
  <testcase classname="| admin | 3283782748 | password not matched |" name="| admin | 3283782748 | password not matched |" time="1.34"/>
  <testcase classname="| apesiii | mencoba12 | account not registered or server error |" name="Given Admin open the campyuk website" time="0"/>
  <testcase classname="| apesiii | mencoba12 | account not registered or server error |" name="When Admin input &quot;apesiii&quot; as userName and input &quot;mencoba12&quot; as password" time="0"/>
  <testcase classname="| apesiii | mencoba12 | account not registered or server error |" name="Then Admin see error &quot;account not registered or server error&quot; on login page" time="0"/>
  <testcase classname="| apesiii | mencoba12 | account not registered or server error |" name="| apesiii | mencoba12 | account not registered or server error |" time="0.967"/>
  <testcase classname="Scenario: Host login with valid &quot;username&quot; and &quot;password&quot;" name="Given Host open the campyuk website" time="0"/>
  <testcase classname="Scenario: Host login with valid &quot;username&quot; and &quot;password&quot;" name="When Host input &quot;punyagua&quot; as userName and input &quot;12345678&quot; as password" time="0"/>
  <testcase classname="Scenario: Host login with valid &quot;username&quot; and &quot;password&quot;" name="Then Host should directed into next page" time="0"/>
  <testcase classname="Scenario: Host login with valid &quot;username&quot; and &quot;password&quot;" name="Scenario: Host login with valid &quot;username&quot; and &quot;password&quot;" time="0.937"/>
  <testcase classname="| punyagua | apelu | password not matched |" name="Given Host open the campyuk website" time="0"/>
  <testcase classname="| punyagua | apelu | password not matched |" name="When Host input &quot;punyagua&quot; as userName and input &quot;apelu&quot; as password" time="0"/>
  <testcase classname="| punyagua | apelu | password not matched |" name="Then Host see error &quot;password not matched&quot; on login page" time="0"/>
  <testcase classname="| punyagua | apelu | password not matched |" name="| punyagua | apelu | password not matched |" time="1.306"/>
  <testcase classname="| apesiii | mencoba12 | account not registered or server error |" name="Given Host open the campyuk website" time="0"/>
  <testcase classname="| apesiii | mencoba12 | account not registered or server error |" name="When Host input &quot;apesiii&quot; as userName and input &quot;mencoba12&quot; as password" time="0"/>
  <testcase classname="| apesiii | mencoba12 | account not registered or server error |" name="Then Host see error &quot;account not registered or server error&quot; on login page" time="0"/>
  <testcase classname="| apesiii | mencoba12 | account not registered or server error |" name="| apesiii | mencoba12 | account not registered or server error |" time="1.337"/>
</testsuite>